<?xml version="1.0" encoding="UTF-8"?>
<!-- Generated by org.testng.reporters.JUnitReportReporter -->
<testsuite skipped="0" hostname="DESKTOP-LPUGFBC" name="com.amazon.runner.SignOutRunner" tests="1" failures="0" timestamp="08 May 2020 09:31:45 GMT" time="0.031" errors="0">
  <testcase name="feature" time="0.031" classname="com.amazon.runner.SignOutRunner"/>
</testsuite> <!-- com.amazon.runner.SignOutRunner -->
