<?xml version="1.0" encoding="UTF-8"?>
<!-- Generated by org.testng.reporters.JUnitReportReporter -->
<testsuite skipped="0" hostname="DESKTOP-LPUGFBC" name="com.amazon.runner.TestRunner" tests="3" failures="0" timestamp="11 May 2020 05:39:03 GMT" time="332.541" errors="0">
  <testcase name="feature" time="80.147" classname="com.amazon.runner.TestRunner"/>
  <testcase name="feature" time="100.375" classname="com.amazon.runner.TestRunner"/>
  <testcase name="feature" time="152.019" classname="com.amazon.runner.TestRunner"/>
</testsuite> <!-- com.amazon.runner.TestRunner -->
