<?xml version="1.0" encoding="UTF-8"?>
<!-- Generated by org.testng.reporters.JUnitReportReporter -->
<testsuite skipped="0" hostname="DESKTOP-LPUGFBC" name="com.amazon.runner.CartAndPaymentRunner" tests="1" failures="0" timestamp="11 May 2020 05:09:43 GMT" time="0.052" errors="0">
  <testcase name="feature" time="0.052" classname="com.amazon.runner.CartAndPaymentRunner"/>
</testsuite> <!-- com.amazon.runner.CartAndPaymentRunner -->
