<?xml version="1.0" encoding="UTF-8"?>
<!-- Generated by org.testng.reporters.JUnitReportReporter -->
<testsuite skipped="0" hostname="DESKTOP-LPUGFBC" name="com.amazon.runner.LanguageSettingsRunner" tests="1" failures="0" timestamp="10 May 2020 05:21:44 GMT" time="93.695" errors="0">
  <testcase name="feature" time="93.695" classname="com.amazon.runner.LanguageSettingsRunner"/>
</testsuite> <!-- com.amazon.runner.LanguageSettingsRunner -->
